<?xml version="1.0" encoding="UTF-8"?>
<!-- Generated by org.testng.reporters.JUnitXMLReporter -->
<testsuite ignored="0" hostname="MinalKulkarni" failures="2" tests="2" name="Test(failed)" time="27.018" errors="0" timestamp="23 Dec 2024 11:04:58 GMT">
  <testcase classname="TestCases.TC03_LoginDDT" name="tc03_loginddt" time="11.363">
    <failure type="java.lang.AssertionError" message="null">
      <![CDATA[java.lang.AssertionError: null
at TestCases.TC03_LoginDDT.tc03_loginddt(TC03_LoginDDT.java:63)
... Removed 25 stack frames]]>
    </failure>
  </testcase> <!-- tc03_loginddt -->
  <testcase classname="TestCases.TC03_LoginDDT" name="tc03_loginddt" time="11.45">
    <failure type="java.lang.AssertionError" message="null">
      <![CDATA[java.lang.AssertionError: null
at TestCases.TC03_LoginDDT.tc03_loginddt(TC03_LoginDDT.java:63)
... Removed 25 stack frames]]>
    </failure>
  </testcase> <!-- tc03_loginddt -->
</testsuite> <!-- Test(failed) -->
