<?xml version="1.0" encoding="UTF-8"?>
<!-- Generated by org.testng.reporters.JUnitXMLReporter -->
<testsuite ignored="1" hostname="MinalKulkarni" failures="0" tests="1" name="Test" time="8.962" errors="0" timestamp="26 Dec 2024 16:55:31 GMT">
  <testcase classname="TestCases.TC01_AccountRegistrationTest" name="tc01_accRegister" time="2.129"/>
  <testcase classname="TestCases.TC02_LoginTest" name="tc01_logintest" time="0.0">
    <ignored/>
  </testcase> <!-- tc01_logintest -->
</testsuite> <!-- Test -->
