<?xml version="1.0" encoding="UTF-8"?>
<!-- Generated by org.testng.reporters.JUnitXMLReporter -->
<testsuite ignored="0" hostname="MinalKulkarni" failures="1" tests="1" name="Test1" time="7.282" errors="0" timestamp="13 Dec 2024 17:54:59 GMT">
  <testcase classname="TestCases.TC01_AccountRegistrationTest" name="tc01_accRegister" time="4.381">
    <failure type="java.lang.AssertionError" message="null">
      <![CDATA[java.lang.AssertionError: null
at TestCases.TC01_AccountRegistrationTest.tc01_accRegister(TC01_AccountRegistrationTest.java:45)
at java.base/java.util.concurrent.FutureTask.run(FutureTask.java:317)
at java.base/java.util.concurrent.ThreadPoolExecutor.runWorker(ThreadPoolExecutor.java:1144)
at java.base/java.util.concurrent.ThreadPoolExecutor$Worker.run(ThreadPoolExecutor.java:642)
at java.base/java.lang.Thread.run(Thread.java:1575)
... Removed 16 stack frames]]>
    </failure>
  </testcase> <!-- tc01_accRegister -->
</testsuite> <!-- Test1 -->
