<?xml version="1.0" encoding="UTF-8"?>
<testng-results ignored="0" total="1" passed="1" failed="0" skipped="0">
  <reporter-output>
  </reporter-output>
  <suite started-at="2024-12-27T13:23:13Z" name="Suite" finished-at="2024-12-27T13:23:18Z" duration-ms="4942">
    <groups>
      <group name="Sanity">
        <method signature="TC01_AccountRegistrationTest.tc01_accRegister()[pri:0, instance:TestCases.TC01_AccountRegistrationTest@6e2829c7]" name="tc01_accRegister" class="TestCases.TC01_AccountRegistrationTest"/>
      </group> <!-- Sanity -->
    </groups>
    <test started-at="2024-12-27T13:23:13Z" name="Test" finished-at="2024-12-27T13:23:18Z" duration-ms="4942">
      <class name="TestCases.TC01_AccountRegistrationTest">
        <test-method is-config="true" signature="setUp(java.lang.String, java.lang.String)[pri:0, instance:TestCases.TC01_AccountRegistrationTest@6e2829c7]" started-at="2024-12-27T13:23:13Z" name="setUp" finished-at="2024-12-27T13:23:16Z" duration-ms="2569" status="PASS">
          <params>
            <param index="0">
              <value>
                <![CDATA[windows]]>
              </value>
            </param>
            <param index="1">
              <value>
                <![CDATA[chrome]]>
              </value>
            </param>
          </params>
          <reporter-output>
          </reporter-output>
        </test-method> <!-- setUp -->
        <test-method signature="tc01_accRegister()[pri:0, instance:TestCases.TC01_AccountRegistrationTest@6e2829c7]" started-at="2024-12-27T13:23:16Z" name="tc01_accRegister" finished-at="2024-12-27T13:23:18Z" duration-ms="1928" status="PASS">
          <reporter-output>
          </reporter-output>
        </test-method> <!-- tc01_accRegister -->
        <test-method is-config="true" signature="tearDown()[pri:0, instance:TestCases.TC01_AccountRegistrationTest@6e2829c7]" started-at="2024-12-27T13:23:18Z" name="tearDown" finished-at="2024-12-27T13:23:18Z" duration-ms="220" status="PASS">
          <reporter-output>
          </reporter-output>
        </test-method> <!-- tearDown -->
      </class> <!-- TestCases.TC01_AccountRegistrationTest -->
    </test> <!-- Test -->
  </suite> <!-- Suite -->
</testng-results>
