<?xml version="1.0" encoding="UTF-8"?>
<testng-results ignored="0" total="2" passed="2" failed="0" skipped="0">
  <reporter-output>
  </reporter-output>
  <suite started-at="2024-12-27T12:00:23Z" name="Master Suite" finished-at="2024-12-27T12:00:28Z" duration-ms="5761">
    <groups>
      <group name="Sanity">
        <method signature="TC01_AccountRegistrationTest.tc01_accRegister()[pri:0, instance:TestCases.TC01_AccountRegistrationTest@5d908d47]" name="tc01_accRegister" class="TestCases.TC01_AccountRegistrationTest"/>
      </group> <!-- Sanity -->
      <group name="Regression">
        <method signature="TC02_LoginTest.tc01_logintest()[pri:0, instance:TestCases.TC02_LoginTest@5efa40fe]" name="tc01_logintest" class="TestCases.TC02_LoginTest"/>
      </group> <!-- Regression -->
    </groups>
    <test started-at="2024-12-27T12:00:23Z" name="Test2" finished-at="2024-12-27T12:00:28Z" duration-ms="5761">
      <class name="TestCases.TC01_AccountRegistrationTest">
        <test-method is-config="true" signature="setUp(java.lang.String, java.lang.String)[pri:0, instance:TestCases.TC01_AccountRegistrationTest@5d908d47]" started-at="2024-12-27T12:00:23Z" name="setUp" finished-at="2024-12-27T12:00:25Z" duration-ms="1679" status="PASS">
          <params>
            <param index="0">
              <value>
                <![CDATA[linux]]>
              </value>
            </param>
            <param index="1">
              <value>
                <![CDATA[chrome]]>
              </value>
            </param>
          </params>
          <reporter-output>
          </reporter-output>
        </test-method> <!-- setUp -->
        <test-method signature="tc01_accRegister()[pri:0, instance:TestCases.TC01_AccountRegistrationTest@5d908d47]" started-at="2024-12-27T12:00:25Z" name="tc01_accRegister" finished-at="2024-12-27T12:00:26Z" duration-ms="1458" status="PASS">
          <reporter-output>
          </reporter-output>
        </test-method> <!-- tc01_accRegister -->
        <test-method is-config="true" signature="tearDown()[pri:0, instance:TestCases.TC01_AccountRegistrationTest@5d908d47]" started-at="2024-12-27T12:00:26Z" name="tearDown" finished-at="2024-12-27T12:00:26Z" duration-ms="86" status="PASS">
          <reporter-output>
          </reporter-output>
        </test-method> <!-- tearDown -->
      </class> <!-- TestCases.TC01_AccountRegistrationTest -->
      <class name="TestCases.TC02_LoginTest">
        <test-method is-config="true" signature="setUp(java.lang.String, java.lang.String)[pri:0, instance:TestCases.TC02_LoginTest@5efa40fe]" started-at="2024-12-27T12:00:26Z" name="setUp" finished-at="2024-12-27T12:00:27Z" duration-ms="1136" status="PASS">
          <params>
            <param index="0">
              <value>
                <![CDATA[linux]]>
              </value>
            </param>
            <param index="1">
              <value>
                <![CDATA[chrome]]>
              </value>
            </param>
          </params>
          <reporter-output>
          </reporter-output>
        </test-method> <!-- setUp -->
        <test-method signature="tc01_logintest()[pri:0, instance:TestCases.TC02_LoginTest@5efa40fe]" started-at="2024-12-27T12:00:27Z" name="tc01_logintest" finished-at="2024-12-27T12:00:28Z" duration-ms="1158" status="PASS">
          <reporter-output>
          </reporter-output>
        </test-method> <!-- tc01_logintest -->
        <test-method is-config="true" signature="tearDown()[pri:0, instance:TestCases.TC02_LoginTest@5efa40fe]" started-at="2024-12-27T12:00:28Z" name="tearDown" finished-at="2024-12-27T12:00:28Z" duration-ms="82" status="PASS">
          <reporter-output>
          </reporter-output>
        </test-method> <!-- tearDown -->
      </class> <!-- TestCases.TC02_LoginTest -->
    </test> <!-- Test2 -->
  </suite> <!-- Master Suite -->
</testng-results>
